<?xml version="1.0" encoding="utf-8" standalone="no"?>
<test-results xmlns:xsi="http://www.w3.org/2001/XMLSchema-instance" xsi:noNamespaceSchemaLocation="nunit_schema_2.5.xsd" name="Pester" total="49" errors="0" failures="0" not-run="0" inconclusive="0" ignored="20" skipped="0" invalid="0" date="2018-03-04" time="05:02:35">
  <environment user="appveyor" machine-name="APPVYR-WIN" cwd="C:\projects\prodsc" user-domain="APPVYR-WIN" platform="Microsoft Windows Server 2012 R2 Datacenter|C:\windows|\Device\Harddisk0\Partition5" nunit-version="2.5.8.0" os-version="6.3.9600" clr-version="4.0.30319.42000" />
  <culture-info current-culture="en-US" current-uiculture="en-US" />
  <test-suite type="TestFixture" name="Pester" executed="True" result="Ignored" success="True" time="62.4794" asserts="0" description="Pester">
    <results>
      <test-suite type="TestFixture" name="C:\projects\prodsc\DscResource.Tests\Meta.Tests.ps1" executed="True" result="Ignored" success="True" time="59.1441" asserts="0" description="C:\projects\prodsc\DscResource.Tests\Meta.Tests.ps1">
        <results>
          <test-suite type="TestFixture" name="Common Tests - File Formatting" executed="True" result="Success" success="True" time="1.1617" asserts="0" description="Common Tests - File Formatting">
            <results>
              <test-suite type="TestFixture" name="When repository contains markdown files" executed="True" result="Success" success="True" time="0.0464" asserts="0" description="When repository contains markdown files">
                <results>
                  <test-case description="Markdown file 'DscResource.Tests\README.md' should not have Byte Order Mark (BOM)" name="Common Tests - File Formatting.When repository contains markdown files.Markdown file 'DscResource.Tests\README.md' should not have Byte Order Mark (BOM)" time="0.0464" asserts="0" success="True" result="Success" executed="True" />
                </results>
              </test-suite>
              <test-case description="Should not contain any files with Unicode file encoding" name="Common Tests - File Formatting.Should not contain any files with Unicode file encoding" time="0.8862" asserts="0" success="True" result="Success" executed="True" />
              <test-case description="Should not contain any files with tab characters" name="Common Tests - File Formatting.Should not contain any files with tab characters" time="0.1127" asserts="0" success="True" result="Success" executed="True" />
              <test-case description="Should not contain empty files" name="Common Tests - File Formatting.Should not contain empty files" time="0.0822" asserts="0" success="True" result="Success" executed="True" />
              <test-case description="Should not contain files without a newline at the end" name="Common Tests - File Formatting.Should not contain files without a newline at the end" time="0.0341" asserts="0" success="True" result="Success" executed="True" />
            </results>
          </test-suite>
          <test-suite type="TestFixture" name="Common Tests - Validate Script Files" executed="True" result="Ignored" success="True" time="0.2475" asserts="0" description="Common Tests - Validate Script Files">
            <results>
              <test-suite type="TestFixture" name="DscResource.Tests\Meta.Tests.ps1" executed="True" result="Ignored" success="True" time="0.1396" asserts="0" description="DscResource.Tests\Meta.Tests.ps1">
                <results>
                  <test-case description="Script file 'DscResource.Tests\Meta.Tests.ps1' should not have Byte Order Mark (BOM)" name="Common Tests - Validate Script Files.DscResource.Tests\Meta.Tests.ps1.Script file 'DscResource.Tests\Meta.Tests.ps1' should not have Byte Order Mark (BOM)" time="0.1396" asserts="0" success="True" result="Ignored" executed="False" />
                </results>
              </test-suite>
              <test-suite type="TestFixture" name="DscResource.Tests\Tests\Unit\DscResource.AnalyzerRules.Helper.Tests.ps1" executed="True" result="Ignored" success="True" time="0.0142" asserts="0" description="DscResource.Tests\Tests\Unit\DscResource.AnalyzerRules.Helper.Tests.ps1">
                <results>
                  <test-case description="Script file 'DscResource.Tests\Tests\Unit\DscResource.AnalyzerRules.Helper.Tests.ps1' should not have Byte Order Mark (BOM)" name="Common Tests - Validate Script Files.DscResource.Tests\Tests\Unit\DscResource.AnalyzerRules.Helper.Tests.ps1.Script file 'DscResource.Tests\Tests\Unit\DscResource.AnalyzerRules.Helper.Tests.ps1' should not have Byte Order Mark (BOM)" time="0.0142" asserts="0" success="True" result="Ignored" executed="False" />
                </results>
              </test-suite>
              <test-suite type="TestFixture" name="DscResource.Tests\Tests\Unit\DscResource.AnalyzerRules.Tests.ps1" executed="True" result="Ignored" success="True" time="0.0116" asserts="0" description="DscResource.Tests\Tests\Unit\DscResource.AnalyzerRules.Tests.ps1">
                <results>
                  <test-case description="Script file 'DscResource.Tests\Tests\Unit\DscResource.AnalyzerRules.Tests.ps1' should not have Byte Order Mark (BOM)" name="Common Tests - Validate Script Files.DscResource.Tests\Tests\Unit\DscResource.AnalyzerRules.Tests.ps1.Script file 'DscResource.Tests\Tests\Unit\DscResource.AnalyzerRules.Tests.ps1' should not have Byte Order Mark (BOM)" time="0.0116" asserts="0" success="True" result="Ignored" executed="False" />
                </results>
              </test-suite>
              <test-suite type="TestFixture" name="DscResource.Tests\Tests\Unit\TestHelper.Tests.ps1" executed="True" result="Ignored" success="True" time="0.0131" asserts="0" description="DscResource.Tests\Tests\Unit\TestHelper.Tests.ps1">
                <results>
                  <test-case description="Script file 'DscResource.Tests\Tests\Unit\TestHelper.Tests.ps1' should not have Byte Order Mark (BOM)" name="Common Tests - Validate Script Files.DscResource.Tests\Tests\Unit\TestHelper.Tests.ps1.Script file 'DscResource.Tests\Tests\Unit\TestHelper.Tests.ps1' should not have Byte Order Mark (BOM)" time="0.0131" asserts="0" success="True" result="Ignored" executed="False" />
                </results>
              </test-suite>
              <test-suite type="TestFixture" name="DscResource.Tests\Tests\Unit\TestRunner.Tests.ps1" executed="True" result="Ignored" success="True" time="0.0101" asserts="0" description="DscResource.Tests\Tests\Unit\TestRunner.Tests.ps1">
                <results>
                  <test-case description="Script file 'DscResource.Tests\Tests\Unit\TestRunner.Tests.ps1' should not have Byte Order Mark (BOM)" name="Common Tests - Validate Script Files.DscResource.Tests\Tests\Unit\TestRunner.Tests.ps1.Script file 'DscResource.Tests\Tests\Unit\TestRunner.Tests.ps1' should not have Byte Order Mark (BOM)" time="0.0101" asserts="0" success="True" result="Ignored" executed="False" />
                </results>
              </test-suite>
              <test-suite type="TestFixture" name="Tests\build.ps1" executed="True" result="Ignored" success="True" time="0.0172" asserts="0" description="Tests\build.ps1">
                <results>
                  <test-case description="Script file 'Tests\build.ps1' should not have Byte Order Mark (BOM)" name="Common Tests - Validate Script Files.Tests\build.ps1.Script file 'Tests\build.ps1' should not have Byte Order Mark (BOM)" time="0.0172" asserts="0" success="True" result="Ignored" executed="False" />
                </results>
              </test-suite>
              <test-suite type="TestFixture" name="Tests\Integration\HostsFile.Config.ps1" executed="True" result="Ignored" success="True" time="0.0113" asserts="0" description="Tests\Integration\HostsFile.Config.ps1">
                <results>
                  <test-case description="Script file 'Tests\Integration\HostsFile.Config.ps1' should not have Byte Order Mark (BOM)" name="Common Tests - Validate Script Files.Tests\Integration\HostsFile.Config.ps1.Script file 'Tests\Integration\HostsFile.Config.ps1' should not have Byte Order Mark (BOM)" time="0.0113" asserts="0" success="True" result="Ignored" executed="False" />
                </results>
              </test-suite>
              <test-suite type="TestFixture" name="Tests\Integration\HostsFile.Integration.Tests.ps1" executed="True" result="Ignored" success="True" time="0.0177" asserts="0" description="Tests\Integration\HostsFile.Integration.Tests.ps1">
                <results>
                  <test-case description="Script file 'Tests\Integration\HostsFile.Integration.Tests.ps1' should not have Byte Order Mark (BOM)" name="Common Tests - Validate Script Files.Tests\Integration\HostsFile.Integration.Tests.ps1.Script file 'Tests\Integration\HostsFile.Integration.Tests.ps1' should not have Byte Order Mark (BOM)" time="0.0177" asserts="0" success="True" result="Ignored" executed="False" />
                </results>
              </test-suite>
              <test-suite type="TestFixture" name="Tests\Unit\HostsFile.Tests.ps1" executed="True" result="Ignored" success="True" time="0.0129" asserts="0" description="Tests\Unit\HostsFile.Tests.ps1">
                <results>
                  <test-case description="Script file 'Tests\Unit\HostsFile.Tests.ps1' should not have Byte Order Mark (BOM)" name="Common Tests - Validate Script Files.Tests\Unit\HostsFile.Tests.ps1.Script file 'Tests\Unit\HostsFile.Tests.ps1' should not have Byte Order Mark (BOM)" time="0.0129" asserts="0" success="True" result="Ignored" executed="False" />
                </results>
              </test-suite>
            </results>
          </test-suite>
          <test-suite type="TestFixture" name="Common Tests - .psm1 File Parsing" executed="True" result="Success" success="True" time="0.3653" asserts="0" description="Common Tests - .psm1 File Parsing">
            <results>
              <test-suite type="TestFixture" name="DscResource.Tests\AppVeyor.psm1" executed="True" result="Success" success="True" time="0.0593" asserts="0" description="DscResource.Tests\AppVeyor.psm1">
                <results>
                  <test-case description="Module file 'DscResource.Tests\AppVeyor.psm1' should not contain parse errors" name="Common Tests - .psm1 File Parsing.DscResource.Tests\AppVeyor.psm1.Module file 'DscResource.Tests\AppVeyor.psm1' should not contain parse errors" time="0.0593" asserts="0" success="True" result="Success" executed="True" />
                </results>
              </test-suite>
              <test-suite type="TestFixture" name="DscResource.Tests\MetaFixers.psm1" executed="True" result="Success" success="True" time="0.0168" asserts="0" description="DscResource.Tests\MetaFixers.psm1">
                <results>
                  <test-case description="Module file 'DscResource.Tests\MetaFixers.psm1' should not contain parse errors" name="Common Tests - .psm1 File Parsing.DscResource.Tests\MetaFixers.psm1.Module file 'DscResource.Tests\MetaFixers.psm1' should not contain parse errors" time="0.0168" asserts="0" success="True" result="Success" executed="True" />
                </results>
              </test-suite>
              <test-suite type="TestFixture" name="DscResource.Tests\TestHelper.psm1" executed="True" result="Success" success="True" time="0.0217" asserts="0" description="DscResource.Tests\TestHelper.psm1">
                <results>
                  <test-case description="Module file 'DscResource.Tests\TestHelper.psm1' should not contain parse errors" name="Common Tests - .psm1 File Parsing.DscResource.Tests\TestHelper.psm1.Module file 'DscResource.Tests\TestHelper.psm1' should not contain parse errors" time="0.0217" asserts="0" success="True" result="Success" executed="True" />
                </results>
              </test-suite>
              <test-suite type="TestFixture" name="DscResource.Tests\TestRunner.psm1" executed="True" result="Success" success="True" time="0.0664" asserts="0" description="DscResource.Tests\TestRunner.psm1">
                <results>
                  <test-case description="Module file 'DscResource.Tests\TestRunner.psm1' should not contain parse errors" name="Common Tests - .psm1 File Parsing.DscResource.Tests\TestRunner.psm1.Module file 'DscResource.Tests\TestRunner.psm1' should not contain parse errors" time="0.0664" asserts="0" success="True" result="Success" executed="True" />
                </results>
              </test-suite>
              <test-suite type="TestFixture" name="DscResource.Tests\DscResource.AnalyzerRules\DscResource.AnalyzerRules.Helper.psm1" executed="True" result="Success" success="True" time="0.019" asserts="0" description="DscResource.Tests\DscResource.AnalyzerRules\DscResource.AnalyzerRules.Helper.psm1">
                <results>
                  <test-case description="Module file 'DscResource.Tests\DscResource.AnalyzerRules\DscResource.AnalyzerRules.Helper.psm1' should not contain parse errors" name="Common Tests - .psm1 File Parsing.DscResource.Tests\DscResource.AnalyzerRules\DscResource.AnalyzerRules.Helper.psm1.Module file 'DscResource.Tests\DscResource.AnalyzerRules\DscResource.AnalyzerRules.Helper.psm1' should not contain parse errors" time="0.019" asserts="0" success="True" result="Success" executed="True" />
                </results>
              </test-suite>
              <test-suite type="TestFixture" name="DscResource.Tests\DscResource.AnalyzerRules\DscResource.AnalyzerRules.psm1" executed="True" result="Success" success="True" time="0.0852" asserts="0" description="DscResource.Tests\DscResource.AnalyzerRules\DscResource.AnalyzerRules.psm1">
                <results>
                  <test-case description="Module file 'DscResource.Tests\DscResource.AnalyzerRules\DscResource.AnalyzerRules.psm1' should not contain parse errors" name="Common Tests - .psm1 File Parsing.DscResource.Tests\DscResource.AnalyzerRules\DscResource.AnalyzerRules.psm1.Module file 'DscResource.Tests\DscResource.AnalyzerRules\DscResource.AnalyzerRules.psm1' should not contain parse errors" time="0.0852" asserts="0" success="True" result="Success" executed="True" />
                </results>
              </test-suite>
              <test-suite type="TestFixture" name="DscResource.Tests\DscResource.CodeCoverage\CodeCovIo.psm1" executed="True" result="Success" success="True" time="0.0196" asserts="0" description="DscResource.Tests\DscResource.CodeCoverage\CodeCovIo.psm1">
                <results>
                  <test-case description="Module file 'DscResource.Tests\DscResource.CodeCoverage\CodeCovIo.psm1' should not contain parse errors" name="Common Tests - .psm1 File Parsing.DscResource.Tests\DscResource.CodeCoverage\CodeCovIo.psm1.Module file 'DscResource.Tests\DscResource.CodeCoverage\CodeCovIo.psm1' should not contain parse errors" time="0.0196" asserts="0" success="True" result="Success" executed="True" />
                </results>
              </test-suite>
              <test-suite type="TestFixture" name="DscResource.Tests\DscResource.DocumentationHelper\MofHelper.psm1" executed="True" result="Success" success="True" time="0.0211" asserts="0" description="DscResource.Tests\DscResource.DocumentationHelper\MofHelper.psm1">
                <results>
                  <test-case description="Module file 'DscResource.Tests\DscResource.DocumentationHelper\MofHelper.psm1' should not contain parse errors" name="Common Tests - .psm1 File Parsing.DscResource.Tests\DscResource.DocumentationHelper\MofHelper.psm1.Module file 'DscResource.Tests\DscResource.DocumentationHelper\MofHelper.psm1' should not contain parse errors" time="0.0211" asserts="0" success="True" result="Success" executed="True" />
                </results>
              </test-suite>
              <test-suite type="TestFixture" name="DscResource.Tests\DscResource.DocumentationHelper\PowerShellHelp.psm1" executed="True" result="Success" success="True" time="0.0199" asserts="0" description="DscResource.Tests\DscResource.DocumentationHelper\PowerShellHelp.psm1">
                <results>
                  <test-case description="Module file 'DscResource.Tests\DscResource.DocumentationHelper\PowerShellHelp.psm1' should not contain parse errors" name="Common Tests - .psm1 File Parsing.DscResource.Tests\DscResource.DocumentationHelper\PowerShellHelp.psm1.Module file 'DscResource.Tests\DscResource.DocumentationHelper\PowerShellHelp.psm1' should not contain parse errors" time="0.0199" asserts="0" success="True" result="Success" executed="True" />
                </results>
              </test-suite>
              <test-suite type="TestFixture" name="DscResource.Tests\DscResource.DocumentationHelper\WikiPages.psm1" executed="True" result="Success" success="True" time="0.0173" asserts="0" description="DscResource.Tests\DscResource.DocumentationHelper\WikiPages.psm1">
                <results>
                  <test-case description="Module file 'DscResource.Tests\DscResource.DocumentationHelper\WikiPages.psm1' should not contain parse errors" name="Common Tests - .psm1 File Parsing.DscResource.Tests\DscResource.DocumentationHelper\WikiPages.psm1.Module file 'DscResource.Tests\DscResource.DocumentationHelper\WikiPages.psm1' should not contain parse errors" time="0.0173" asserts="0" success="True" result="Success" executed="True" />
                </results>
              </test-suite>
              <test-suite type="TestFixture" name="DSCResources\HostsFile\HostsFile.psm1" executed="True" result="Success" success="True" time="0.0189" asserts="0" description="DSCResources\HostsFile\HostsFile.psm1">
                <results>
                  <test-case description="Module file 'DSCResources\HostsFile\HostsFile.psm1' should not contain parse errors" name="Common Tests - .psm1 File Parsing.DSCResources\HostsFile\HostsFile.psm1.Module file 'DSCResources\HostsFile\HostsFile.psm1' should not contain parse errors" time="0.0189" asserts="0" success="True" result="Success" executed="True" />
                </results>
              </test-suite>
            </results>
          </test-suite>
          <test-suite type="TestFixture" name="Common Tests - Validate Module Files" executed="True" result="Ignored" success="True" time="0.4318" asserts="0" description="Common Tests - Validate Module Files">
            <results>
              <test-suite type="TestFixture" name="DscResource.Tests\AppVeyor.psm1" executed="True" result="Ignored" success="True" time="0.0338" asserts="0" description="DscResource.Tests\AppVeyor.psm1">
                <results>
                  <test-case description="Module file 'DscResource.Tests\AppVeyor.psm1' should not have Byte Order Mark (BOM)" name="Common Tests - Validate Module Files.DscResource.Tests\AppVeyor.psm1.Module file 'DscResource.Tests\AppVeyor.psm1' should not have Byte Order Mark (BOM)" time="0.0338" asserts="0" success="True" result="Ignored" executed="False" />
                </results>
              </test-suite>
              <test-suite type="TestFixture" name="DscResource.Tests\MetaFixers.psm1" executed="True" result="Ignored" success="True" time="0.0133" asserts="0" description="DscResource.Tests\MetaFixers.psm1">
                <results>
                  <test-case description="Module file 'DscResource.Tests\MetaFixers.psm1' should not have Byte Order Mark (BOM)" name="Common Tests - Validate Module Files.DscResource.Tests\MetaFixers.psm1.Module file 'DscResource.Tests\MetaFixers.psm1' should not have Byte Order Mark (BOM)" time="0.0133" asserts="0" success="True" result="Ignored" executed="False" />
                </results>
              </test-suite>
              <test-suite type="TestFixture" name="DscResource.Tests\TestHelper.psm1" executed="True" result="Ignored" success="True" time="0.0133" asserts="0" description="DscResource.Tests\TestHelper.psm1">
                <results>
                  <test-case description="Module file 'DscResource.Tests\TestHelper.psm1' should not have Byte Order Mark (BOM)" name="Common Tests - Validate Module Files.DscResource.Tests\TestHelper.psm1.Module file 'DscResource.Tests\TestHelper.psm1' should not have Byte Order Mark (BOM)" time="0.0133" asserts="0" success="True" result="Ignored" executed="False" />
                </results>
              </test-suite>
              <test-suite type="TestFixture" name="DscResource.Tests\TestRunner.psm1" executed="True" result="Ignored" success="True" time="0.0178" asserts="0" description="DscResource.Tests\TestRunner.psm1">
                <results>
                  <test-case description="Module file 'DscResource.Tests\TestRunner.psm1' should not have Byte Order Mark (BOM)" name="Common Tests - Validate Module Files.DscResource.Tests\TestRunner.psm1.Module file 'DscResource.Tests\TestRunner.psm1' should not have Byte Order Mark (BOM)" time="0.0178" asserts="0" success="True" result="Ignored" executed="False" />
                </results>
              </test-suite>
              <test-suite type="TestFixture" name="DscResource.Tests\DscResource.AnalyzerRules\DscResource.AnalyzerRules.Helper.psm1" executed="True" result="Ignored" success="True" time="0.0144" asserts="0" description="DscResource.Tests\DscResource.AnalyzerRules\DscResource.AnalyzerRules.Helper.psm1">
                <results>
                  <test-case description="Module file 'DscResource.Tests\DscResource.AnalyzerRules\DscResource.AnalyzerRules.Helper.psm1' should not have Byte Order Mark (BOM)" name="Common Tests - Validate Module Files.DscResource.Tests\DscResource.AnalyzerRules\DscResource.AnalyzerRules.Helper.psm1.Module file 'DscResource.Tests\DscResource.AnalyzerRules\DscResource.AnalyzerRules.Helper.psm1' should not have Byte Order Mark (BOM)" time="0.0144" asserts="0" success="True" result="Ignored" executed="False" />
                </results>
              </test-suite>
              <test-suite type="TestFixture" name="DscResource.Tests\DscResource.AnalyzerRules\DscResource.AnalyzerRules.psm1" executed="True" result="Ignored" success="True" time="0.0115" asserts="0" description="DscResource.Tests\DscResource.AnalyzerRules\DscResource.AnalyzerRules.psm1">
                <results>
                  <test-case description="Module file 'DscResource.Tests\DscResource.AnalyzerRules\DscResource.AnalyzerRules.psm1' should not have Byte Order Mark (BOM)" name="Common Tests - Validate Module Files.DscResource.Tests\DscResource.AnalyzerRules\DscResource.AnalyzerRules.psm1.Module file 'DscResource.Tests\DscResource.AnalyzerRules\DscResource.AnalyzerRules.psm1' should not have Byte Order Mark (BOM)" time="0.0115" asserts="0" success="True" result="Ignored" executed="False" />
                </results>
              </test-suite>
              <test-suite type="TestFixture" name="DscResource.Tests\DscResource.CodeCoverage\CodeCovIo.psm1" executed="True" result="Ignored" success="True" time="0.0258" asserts="0" description="DscResource.Tests\DscResource.CodeCoverage\CodeCovIo.psm1">
                <results>
                  <test-case description="Module file 'DscResource.Tests\DscResource.CodeCoverage\CodeCovIo.psm1' should not have Byte Order Mark (BOM)" name="Common Tests - Validate Module Files.DscResource.Tests\DscResource.CodeCoverage\CodeCovIo.psm1.Module file 'DscResource.Tests\DscResource.CodeCoverage\CodeCovIo.psm1' should not have Byte Order Mark (BOM)" time="0.0258" asserts="0" success="True" result="Ignored" executed="False" />
                </results>
              </test-suite>
              <test-suite type="TestFixture" name="DscResource.Tests\DscResource.DocumentationHelper\MofHelper.psm1" executed="True" result="Ignored" success="True" time="0.0256" asserts="0" description="DscResource.Tests\DscResource.DocumentationHelper\MofHelper.psm1">
                <results>
                  <test-case description="Module file 'DscResource.Tests\DscResource.DocumentationHelper\MofHelper.psm1' should not have Byte Order Mark (BOM)" name="Common Tests - Validate Module Files.DscResource.Tests\DscResource.DocumentationHelper\MofHelper.psm1.Module file 'DscResource.Tests\DscResource.DocumentationHelper\MofHelper.psm1' should not have Byte Order Mark (BOM)" time="0.0256" asserts="0" success="True" result="Ignored" executed="False" />
                </results>
              </test-suite>
              <test-suite type="TestFixture" name="DscResource.Tests\DscResource.DocumentationHelper\PowerShellHelp.psm1" executed="True" result="Ignored" success="True" time="0.0129" asserts="0" description="DscResource.Tests\DscResource.DocumentationHelper\PowerShellHelp.psm1">
                <results>
                  <test-case description="Module file 'DscResource.Tests\DscResource.DocumentationHelper\PowerShellHelp.psm1' should not have Byte Order Mark (BOM)" name="Common Tests - Validate Module Files.DscResource.Tests\DscResource.DocumentationHelper\PowerShellHelp.psm1.Module file 'DscResource.Tests\DscResource.DocumentationHelper\PowerShellHelp.psm1' should not have Byte Order Mark (BOM)" time="0.0129" asserts="0" success="True" result="Ignored" executed="False" />
                </results>
              </test-suite>
              <test-suite type="TestFixture" name="DscResource.Tests\DscResource.DocumentationHelper\WikiPages.psm1" executed="True" result="Ignored" success="True" time="0.1879" asserts="0" description="DscResource.Tests\DscResource.DocumentationHelper\WikiPages.psm1">
                <results>
                  <test-case description="Module file 'DscResource.Tests\DscResource.DocumentationHelper\WikiPages.psm1' should not have Byte Order Mark (BOM)" name="Common Tests - Validate Module Files.DscResource.Tests\DscResource.DocumentationHelper\WikiPages.psm1.Module file 'DscResource.Tests\DscResource.DocumentationHelper\WikiPages.psm1' should not have Byte Order Mark (BOM)" time="0.1879" asserts="0" success="True" result="Ignored" executed="False" />
                </results>
              </test-suite>
              <test-suite type="TestFixture" name="DSCResources\HostsFile\HostsFile.psm1" executed="True" result="Ignored" success="True" time="0.0756" asserts="0" description="DSCResources\HostsFile\HostsFile.psm1">
                <results>
                  <test-case description="Module file 'DSCResources\HostsFile\HostsFile.psm1' should not have Byte Order Mark (BOM)" name="Common Tests - Validate Module Files.DSCResources\HostsFile\HostsFile.psm1.Module file 'DSCResources\HostsFile\HostsFile.psm1' should not have Byte Order Mark (BOM)" time="0.0756" asserts="0" success="True" result="Ignored" executed="False" />
                </results>
              </test-suite>
            </results>
          </test-suite>
          <test-suite type="TestFixture" name="Common Tests - Module Manifest" executed="True" result="Success" success="True" time="0.2141" asserts="0" description="Common Tests - Module Manifest">
            <results>
              <test-case description="Should contain a PowerShellVersion property of at least 4.0 based on resource types" name="Common Tests - Module Manifest.Should contain a PowerShellVersion property of at least 4.0 based on resource types" time="0.2141" asserts="0" success="True" result="Success" executed="True" />
            </results>
          </test-suite>
          <test-suite type="TestFixture" name="Common Tests - Script Resource Schema Validation" executed="True" result="Success" success="True" time="2.9979" asserts="0" description="Common Tests - Script Resource Schema Validation">
            <results>
              <test-suite type="TestFixture" name="HostsFile" executed="True" result="Success" success="True" time="2.9979" asserts="0" description="HostsFile">
                <results>
                  <test-case description="Should pass Test-xDscResource" name="Common Tests - Script Resource Schema Validation.HostsFile.Should pass Test-xDscResource" time="2.9251" asserts="0" success="True" result="Success" executed="True" />
                  <test-case description="Should pass Test-xDscSchema" name="Common Tests - Script Resource Schema Validation.HostsFile.Should pass Test-xDscSchema" time="0.0728" asserts="0" success="True" result="Success" executed="True" />
                </results>
              </test-suite>
            </results>
          </test-suite>
          <test-suite type="TestFixture" name="Common Tests - PS Script Analyzer on Resource Files" executed="True" result="Success" success="True" time="3.818" asserts="0" description="Common Tests - PS Script Analyzer on Resource Files">
            <results>
              <test-suite type="TestFixture" name="HostsFile.psm1" executed="True" result="Success" success="True" time="3.818" asserts="0" description="HostsFile.psm1">
                <results>
                  <test-case description="Should pass all error-level PS Script Analyzer rules" name="Common Tests - PS Script Analyzer on Resource Files.HostsFile.psm1.Should pass all error-level PS Script Analyzer rules" time="2.5965" asserts="0" success="True" result="Success" executed="True" />
                  <test-case description="Should pass all required PS Script Analyzer rules" name="Common Tests - PS Script Analyzer on Resource Files.HostsFile.psm1.Should pass all required PS Script Analyzer rules" time="0.2053" asserts="0" success="True" result="Success" executed="True" />
                  <test-case description="Should pass all flagged PS Script Analyzer rules" name="Common Tests - PS Script Analyzer on Resource Files.HostsFile.psm1.Should pass all flagged PS Script Analyzer rules" time="0.1891" asserts="0" success="True" result="Success" executed="True" />
                  <test-case description="Should pass any recently-added, error-level PS Script Analyzer rules" name="Common Tests - PS Script Analyzer on Resource Files.HostsFile.psm1.Should pass any recently-added, error-level PS Script Analyzer rules" time="0.0563" asserts="0" success="True" result="Success" executed="True" />
                  <test-case description="Should not suppress any required PS Script Analyzer rules" name="Common Tests - PS Script Analyzer on Resource Files.HostsFile.psm1.Should not suppress any required PS Script Analyzer rules" time="0.0345" asserts="0" success="True" result="Success" executed="True" />
                  <test-case description="Should pass all custom DSC Resource Kit PSSA rules" name="Common Tests - PS Script Analyzer on Resource Files.HostsFile.psm1.Should pass all custom DSC Resource Kit PSSA rules" time="0.7363" asserts="0" success="True" result="Success" executed="True" />
                </results>
              </test-suite>
            </results>
          </test-suite>
          <test-suite type="TestFixture" name="Common Tests - Validate Example Files" executed="True" result="Success" success="True" time="0" asserts="0" description="Common Tests - Validate Example Files">
            <results />
          </test-suite>
          <test-suite type="TestFixture" name="Common Tests - Validate Markdown Files" executed="True" result="Success" success="True" time="49.9078" asserts="0" description="Common Tests - Validate Markdown Files">
            <results>
              <test-suite type="TestFixture" name="When installing markdown validation dependencies" executed="True" result="Success" success="True" time="34.5115" asserts="0" description="When installing markdown validation dependencies">
                <results>
                  <test-case description="Should not throw an error when installing package Gulp in global scope" name="Common Tests - Validate Markdown Files.When installing markdown validation dependencies.Should not throw an error when installing package Gulp in global scope" time="15.3025" asserts="0" success="True" result="Success" executed="True" />
                  <test-case description="Should not throw an error when installing package Gulp in local scope" name="Common Tests - Validate Markdown Files.When installing markdown validation dependencies.Should not throw an error when installing package Gulp in local scope" time="10.0816" asserts="0" success="True" result="Success" executed="True" />
                  <test-case description="Should not throw an error when installing package through2" name="Common Tests - Validate Markdown Files.When installing markdown validation dependencies.Should not throw an error when installing package through2" time="3.0298" asserts="0" success="True" result="Success" executed="True" />
                  <test-case description="Should not throw an error when installing package markdownlint" name="Common Tests - Validate Markdown Files.When installing markdown validation dependencies.Should not throw an error when installing package markdownlint" time="3.038" asserts="0" success="True" result="Success" executed="True" />
                  <test-case description="Should not throw an error when installing package gulp-concat as a dev-dependency" name="Common Tests - Validate Markdown Files.When installing markdown validation dependencies.Should not throw an error when installing package gulp-concat as a dev-dependency" time="3.0597" asserts="0" success="True" result="Success" executed="True" />
                </results>
              </test-suite>
              <test-suite type="TestFixture" name="When uninstalling markdown validation dependencies" executed="True" result="Success" success="True" time="10.3493" asserts="0" description="When uninstalling markdown validation dependencies">
                <results>
                  <test-case description="Should not throw an error when uninstalling package gulp-concat as a dev-dependency" name="Common Tests - Validate Markdown Files.When uninstalling markdown validation dependencies.Should not throw an error when uninstalling package gulp-concat as a dev-dependency" time="2.0366" asserts="0" success="True" result="Success" executed="True" />
                  <test-case description="Should not throw an error when uninstalling package markdownlint" name="Common Tests - Validate Markdown Files.When uninstalling markdown validation dependencies.Should not throw an error when uninstalling package markdownlint" time="2.0503" asserts="0" success="True" result="Success" executed="True" />
                  <test-case description="Should not throw an error when uninstalling package through2" name="Common Tests - Validate Markdown Files.When uninstalling markdown validation dependencies.Should not throw an error when uninstalling package through2" time="2.1768" asserts="0" success="True" result="Success" executed="True" />
                  <test-case description="Should not throw an error when uninstalling package Gulp in local scope" name="Common Tests - Validate Markdown Files.When uninstalling markdown validation dependencies.Should not throw an error when uninstalling package Gulp in local scope" time="2.0458" asserts="0" success="True" result="Success" executed="True" />
                  <test-case description="Should not throw an error when uninstalling package Gulp in global scope" name="Common Tests - Validate Markdown Files.When uninstalling markdown validation dependencies.Should not throw an error when uninstalling package Gulp in global scope" time="2.0323" asserts="0" success="True" result="Success" executed="True" />
                  <test-case description="Should not throw an error when removing the node_modules folder" name="Common Tests - Validate Markdown Files.When uninstalling markdown validation dependencies.Should not throw an error when removing the node_modules folder" time="0.0075" asserts="0" success="True" result="Success" executed="True" />
                </results>
              </test-suite>
              <test-case description="Should not have errors in any markdown files" name="Common Tests - Validate Markdown Files.Should not have errors in any markdown files" time="5.047" asserts="0" success="True" result="Success" executed="True" />
            </results>
          </test-suite>
        </results>
      </test-suite>
      <test-suite type="TestFixture" name="C:\projects\prodsc\Tests\Integration\HostsFile.Integration.Tests.ps1" executed="True" result="Success" success="True" time="2.4612" asserts="0" description="C:\projects\prodsc\Tests\Integration\HostsFile.Integration.Tests.ps1">
        <results>
          <test-suite type="TestFixture" name="HostsFile_Integration" executed="True" result="Success" success="True" time="2.4612" asserts="0" description="HostsFile_Integration">
            <results>
              <test-case description="Should compile and apply the MOF without throwing" name="HostsFile_Integration.Should compile and apply the MOF without throwing" time="2.3802" asserts="0" success="True" result="Success" executed="True" />
              <test-case description="Should be able to call Get-DscConfiguration without throwing" name="HostsFile_Integration.Should be able to call Get-DscConfiguration without throwing" time="0.0809" asserts="0" success="True" result="Success" executed="True" />
            </results>
          </test-suite>
        </results>
      </test-suite>
      <test-suite type="TestFixture" name="C:\projects\prodsc\Tests\Unit\HostsFile.Tests.ps1" executed="True" result="Success" success="True" time="0.8742" asserts="0" description="C:\projects\prodsc\Tests\Unit\HostsFile.Tests.ps1">
        <results>
          <test-suite type="TestFixture" name="Unit tests for the HostsFile resource" executed="True" result="Success" success="True" time="0.8742" asserts="0" description="Unit tests for the HostsFile resource">
            <results>
              <test-suite type="TestFixture" name="A hosts file entry does not exist. It should." executed="True" result="Success" success="True" time="0.5474" asserts="0" description="A hosts file entry does not exist. It should.">
                <results>
                  <test-case description="Get function should return Ensure as absent." name="Unit tests for the HostsFile resource.A hosts file entry does not exist. It should..Get function should return Ensure as absent." time="0.4351" asserts="0" success="True" result="Success" executed="True" />
                  <test-case description="Test function should return false." name="Unit tests for the HostsFile resource.A hosts file entry does not exist. It should..Test function should return false." time="0.0489" asserts="0" success="True" result="Success" executed="True" />
                  <test-case description="Set function should add the hosts file entry." name="Unit tests for the HostsFile resource.A hosts file entry does not exist. It should..Set function should add the hosts file entry." time="0.0634" asserts="0" success="True" result="Success" executed="True" />
                </results>
              </test-suite>
              <test-suite type="TestFixture" name="A hosts file entry exists as it should." executed="True" result="Success" success="True" time="0.1117" asserts="0" description="A hosts file entry exists as it should.">
                <results>
                  <test-case description="Get function should return Ensure as present." name="Unit tests for the HostsFile resource.A hosts file entry exists as it should..Get function should return Ensure as present." time="0.0903" asserts="0" success="True" result="Success" executed="True" />
                  <test-case description="Test function should return true." name="Unit tests for the HostsFile resource.A hosts file entry exists as it should..Test function should return true." time="0.0214" asserts="0" success="True" result="Success" executed="True" />
                </results>
              </test-suite>
              <test-suite type="TestFixture" name="A hosts file entry exists and it should not." executed="True" result="Success" success="True" time="0.1479" asserts="0" description="A hosts file entry exists and it should not.">
                <results>
                  <test-case description="Get function should return Ensure as present." name="Unit tests for the HostsFile resource.A hosts file entry exists and it should not..Get function should return Ensure as present." time="0.0894" asserts="0" success="True" result="Success" executed="True" />
                  <test-case description="Test function should return false." name="Unit tests for the HostsFile resource.A hosts file entry exists and it should not..Test function should return false." time="0.021" asserts="0" success="True" result="Success" executed="True" />
                  <test-case description="Set function should call Set-Content only once." name="Unit tests for the HostsFile resource.A hosts file entry exists and it should not..Set function should call Set-Content only once." time="0.0374" asserts="0" success="True" result="Success" executed="True" />
                </results>
              </test-suite>
              <test-suite type="TestFixture" name="A hosts file entry does not exist and it should not." executed="True" result="Success" success="True" time="0.0672" asserts="0" description="A hosts file entry does not exist and it should not.">
                <results>
                  <test-case description="Get function should return Ensure as absent." name="Unit tests for the HostsFile resource.A hosts file entry does not exist and it should not..Get function should return Ensure as absent." time="0.0498" asserts="0" success="True" result="Success" executed="True" />
                  <test-case description="Test function should return true." name="Unit tests for the HostsFile resource.A hosts file entry does not exist and it should not..Test function should return true." time="0.0174" asserts="0" success="True" result="Success" executed="True" />
                </results>
              </test-suite>
            </results>
          </test-suite>
        </results>
      </test-suite>
    </results>
  </test-suite>
</test-results>